current directory: /workspaces/My-Portfolio/.bundle/ruby/3.4.0/gems/json-2.16.0/ext/json/ext/parser
/usr/local/rvm/rubies/ruby-3.4.1/bin/ruby extconf.rb
checking for rb_enc_interned_str() in ruby/encoding.h... yes
checking for rb_str_to_interned_str() in ruby.h... yes
checking for rb_hash_new_capa() in ruby.h... yes
checking for rb_hash_bulk_insert() in ruby.h... yes
checking for strnlen() in string.h... yes
checking for whether -std=c99 is accepted as CFLAGS... yes
checking for x86intrin.h... yes
checking for cpuid.h... yes
creating Makefile

current directory: /workspaces/My-Portfolio/.bundle/ruby/3.4.0/gems/json-2.16.0/ext/json/ext/parser
make DESTDIR\= sitearchdir\=./.gem.20251123-2946-e4zlb7 sitelibdir\=./.gem.20251123-2946-e4zlb7 clean

current directory: /workspaces/My-Portfolio/.bundle/ruby/3.4.0/gems/json-2.16.0/ext/json/ext/parser
make DESTDIR\= sitearchdir\=./.gem.20251123-2946-e4zlb7 sitelibdir\=./.gem.20251123-2946-e4zlb7
compiling parser.c
linking shared-object json/ext/parser.so

current directory: /workspaces/My-Portfolio/.bundle/ruby/3.4.0/gems/json-2.16.0/ext/json/ext/parser
make DESTDIR\= sitearchdir\=./.gem.20251123-2946-e4zlb7 sitelibdir\=./.gem.20251123-2946-e4zlb7 install
/usr/bin/install -c -m 0755 parser.so ./.gem.20251123-2946-e4zlb7/json/ext

current directory: /workspaces/My-Portfolio/.bundle/ruby/3.4.0/gems/json-2.16.0/ext/json/ext/parser
make DESTDIR\= sitearchdir\=./.gem.20251123-2946-e4zlb7 sitelibdir\=./.gem.20251123-2946-e4zlb7 clean
